  [4;36;1mSQL (0.2ms)[0m   [0;1m SELECT name
 FROM sqlite_master
 WHERE type = 'table' AND NOT name = 'sqlite_sequence'
[0m
  [4;35;1mSQL (0.2ms)[0m   [0mselect sqlite_version(*)[0m
  [4;36;1mSQL (5.5ms)[0m   [0;1mCREATE TABLE "schema_migrations" ("version" varchar(255) NOT NULL) [0m
  [4;35;1mSQL (6.4ms)[0m   [0mCREATE UNIQUE INDEX "unique_schema_migrations" ON "schema_migrations" ("version")[0m
  [4;36;1mSQL (0.2ms)[0m   [0;1m SELECT name
 FROM sqlite_master
 WHERE type = 'table' AND NOT name = 'sqlite_sequence'
[0m
  [4;35;1mSQL (0.1ms)[0m   [0mSELECT version FROM schema_migrations[0m
Migrating to CreateUsers (20091215114201)
  [4;36;1mSQL (0.2ms)[0m   [0;1m SELECT name
 FROM sqlite_master
 WHERE type = 'table' AND NOT name = 'sqlite_sequence'
[0m
  [4;35;1mSQL (0.4ms)[0m   [0mCREATE TABLE "users" ("id" INTEGER PRIMARY KEY AUTOINCREMENT NOT NULL, "login" varchar(40), "name" varchar(100) DEFAULT '', "email" varchar(100), "crypted_password" varchar(40), "salt" varchar(40), "created_at" datetime, "updated_at" datetime, "remember_token" varchar(40), "remember_token_expires_at" datetime) [0m
  [4;36;1mSQL (0.4ms)[0m   [0;1mCREATE UNIQUE INDEX "index_users_on_login" ON "users" ("login")[0m
  [4;35;1mSQL (0.1ms)[0m   [0mINSERT INTO schema_migrations (version) VALUES ('20091215114201')[0m
  [4;36;1mSQL (0.3ms)[0m   [0;1m SELECT name
 FROM sqlite_master
 WHERE type = 'table' AND NOT name = 'sqlite_sequence'
[0m
  [4;35;1mSQL (0.1ms)[0m   [0mSELECT version FROM schema_migrations[0m
  [4;36;1mSQL (0.2ms)[0m   [0;1m SELECT name
 FROM sqlite_master
 WHERE type = 'table' AND NOT name = 'sqlite_sequence'
[0m
  [4;35;1mSQL (0.1ms)[0m   [0mPRAGMA index_list("users")[0m
  [4;36;1mSQL (0.1ms)[0m   [0;1mPRAGMA index_info('index_users_on_login')[0m
  [4;36;1mSQL (0.5ms)[0m   [0;1m SELECT name
 FROM sqlite_master
 WHERE type = 'table' AND NOT name = 'sqlite_sequence'
[0m
  [4;35;1mSQL (0.1ms)[0m   [0mSELECT version FROM schema_migrations[0m
Migrating to CreateUsers (20091215114201)
Migrating to CreateOauthConsumerTokens (20091215114320)
  [4;36;1mSQL (0.1ms)[0m   [0;1mselect sqlite_version(*)[0m
  [4;35;1mSQL (0.5ms)[0m   [0mCREATE TABLE "consumer_tokens" ("id" INTEGER PRIMARY KEY AUTOINCREMENT NOT NULL, "user_id" integer, "type" varchar(30), "token" varchar(1024), "secret" varchar(255), "created_at" datetime, "updated_at" datetime) [0m
  [4;36;1mSQL (0.6ms)[0m   [0;1mCREATE unique INDEX "index_consumer_tokens_on_token" ON "consumer_tokens" ("token")[0m
  [4;35;1mSQL (0.2ms)[0m   [0mINSERT INTO schema_migrations (version) VALUES ('20091215114320')[0m
  [4;36;1mSQL (0.3ms)[0m   [0;1m SELECT name
 FROM sqlite_master
 WHERE type = 'table' AND NOT name = 'sqlite_sequence'
[0m
  [4;35;1mSQL (0.1ms)[0m   [0mSELECT version FROM schema_migrations[0m
  [4;36;1mSQL (0.2ms)[0m   [0;1m SELECT name
 FROM sqlite_master
 WHERE type = 'table' AND NOT name = 'sqlite_sequence'
[0m
  [4;35;1mSQL (0.1ms)[0m   [0mPRAGMA index_list("consumer_tokens")[0m
  [4;36;1mSQL (0.1ms)[0m   [0;1mPRAGMA index_info('index_consumer_tokens_on_token')[0m
  [4;35;1mSQL (0.1ms)[0m   [0mPRAGMA index_list("users")[0m
  [4;36;1mSQL (0.1ms)[0m   [0;1mPRAGMA index_info('index_users_on_login')[0m


Processing ApplicationController#index (for 127.0.0.1 at 2009-12-15 12:44:59) [GET]

ActionController::RoutingError (No route matches "/" with {:method=>:get}):
  

Rendering rescues/layout (not_found)


Processing ApplicationController#index (for 127.0.0.1 at 2009-12-15 12:45:00) [GET]

ActionController::RoutingError (No route matches "/" with {:method=>:get}):
  

Rendering rescues/layout (not_found)


Processing UsersController#index (for 127.0.0.1 at 2009-12-15 12:45:02) [GET]

ActionController::UnknownAction (No action responded to index. Actions: create and new):
  haml (2.2.12) rails/./lib/sass/plugin/rails.rb:19:in `process'

Rendering rescues/layout (not_found)


Processing UsersController#new (for 127.0.0.1 at 2009-12-15 12:45:05) [GET]
Rendering users/new
Completed in 119ms (View: 112, DB: 0) | 200 OK [http://localhost/users/new]


Processing UsersController#create (for 127.0.0.1 at 2009-12-15 12:45:17) [POST]
  Parameters: {"commit"=>"Sign up", "authenticity_token"=>"T33bpftjcXisWgrYTnx6nR9/3nWFbY4mbSBK0A34Yfo=", "user"=>{"password_confirmation"=>"hackfresse", "password"=>"hackfresse", "login"=>"schmerzbereiter", "email"=>"tiny-grasshopper@gmx.net"}}
  [4;36;1mUser Load (0.1ms)[0m   [0;1mSELECT "users".id FROM "users" WHERE ("users"."login" = 'schmerzbereiter') LIMIT 1[0m
  [4;35;1mUser Load (0.1ms)[0m   [0mSELECT "users".id FROM "users" WHERE ("users"."email" = 'tiny-grasshopper@gmx.net') LIMIT 1[0m
  [4;36;1mUser Create (0.4ms)[0m   [0;1mINSERT INTO "users" ("name", "salt", "created_at", "crypted_password", "remember_token_expires_at", "updated_at", "remember_token", "login", "email") VALUES('', 'c95557e8c002d80e33016ddc61f1f73da1a18a3b', '2009-12-15 11:45:17', 'e7ebd00765a4882950190cb4b38984f0b93c778a', NULL, '2009-12-15 11:45:17', NULL, 'schmerzbereiter', 'tiny-grasshopper@gmx.net')[0m
Redirected to http://localhost:3000/
Completed in 21ms (DB: 1) | 302 Found [http://localhost/users]


Processing ApplicationController#index (for 127.0.0.1 at 2009-12-15 12:45:17) [GET]

ActionController::RoutingError (No route matches "/" with {:method=>:get}):
  

Rendering rescues/layout (not_found)
  [4;36;1mUser Load (0.6ms)[0m   [0;1mSELECT * FROM "users" LIMIT 1[0m
  [4;35;1mUser Load (0.4ms)[0m   [0mSELECT * FROM "users" LIMIT 1[0m
  [4;36;1mUser Load (0.4ms)[0m   [0;1mSELECT * FROM "users" LIMIT 1[0m


Processing OauthConsumersController#index (for 127.0.0.1 at 2009-12-15 12:45:58) [GET]

NoMethodError (undefined method `login_required' for #<OauthConsumersController:0x101927b68>):
  haml (2.2.12) rails/./lib/sass/plugin/rails.rb:19:in `process'

Rendered rescues/_trace (42.7ms)
Rendered rescues/_request_and_response (1.2ms)
Rendering rescues/layout (internal_server_error)


Processing SessionsController#new (for 127.0.0.1 at 2009-12-15 12:46:05) [GET]
Rendering sessions/new
Completed in 9ms (View: 8, DB: 0) | 200 OK [http://localhost/login]


Processing SessionsController#create (for 127.0.0.1 at 2009-12-15 12:46:13) [POST]
  Parameters: {"commit"=>"Log in", "authenticity_token"=>"T33bpftjcXisWgrYTnx6nR9/3nWFbY4mbSBK0A34Yfo=", "login"=>"schmerzbereiter", "password"=>"hackfresse"}
  [4;35;1mUser Load (0.3ms)[0m   [0mSELECT * FROM "users" WHERE ("users"."login" = 'schmerzbereiter') LIMIT 1[0m
Redirected to http://localhost:3000/
Completed in 15ms (DB: 0) | 302 Found [http://localhost/session]


Processing ApplicationController#index (for 127.0.0.1 at 2009-12-15 12:46:13) [GET]

ActionController::RoutingError (No route matches "/" with {:method=>:get}):
  

Rendering rescues/layout (not_found)


Processing OauthConsumersController#index (for 127.0.0.1 at 2009-12-15 12:46:17) [GET]

NoMethodError (undefined method `login_required' for #<OauthConsumersController:0x101b05fc0>):
  haml (2.2.12) rails/./lib/sass/plugin/rails.rb:19:in `process'

Rendered rescues/_trace (42.4ms)
Rendered rescues/_request_and_response (0.3ms)
Rendering rescues/layout (internal_server_error)


Processing OauthConsumersController#index (for 127.0.0.1 at 2009-12-15 12:48:34) [GET]

NoMethodError (undefined method `login_required' for #<OauthConsumersController:0x101f60070>):
  haml (2.2.12) rails/./lib/sass/plugin/rails.rb:19:in `process'

Rendered rescues/_trace (41.9ms)
Rendered rescues/_request_and_response (0.3ms)
Rendering rescues/layout (internal_server_error)


Processing HomeController#index (for 127.0.0.1 at 2009-12-15 12:48:37) [GET]
Rendering home/index

ActionView::TemplateError (undefined local variable or method `current_user' for #<ActionView::Base:0x1018ea790>) on line #1 of app/views/home/index.html.haml:
1: = "Hello #{current_user.login}"

    app/views/home/index.html.haml:1:in `_run_haml_app47views47home47index46html46haml'
    haml (2.2.12) lib/haml/helpers/action_view_mods.rb:13:in `render'
    haml (2.2.12) rails/./lib/sass/plugin/rails.rb:19:in `process'

Rendered rescues/_trace (118.8ms)
Rendered rescues/_request_and_response (0.3ms)
Rendering rescues/layout (internal_server_error)


Processing HomeController#index (for 127.0.0.1 at 2009-12-15 12:49:22) [GET]
Rendering home/index
  [4;36;1mUser Load (0.2ms)[0m   [0;1mSELECT * FROM "users" WHERE ("users"."id" = 1) LIMIT 1[0m
Completed in 29ms (View: 28, DB: 0) | 200 OK [http://localhost/]


Processing OauthConsumersController#index (for 127.0.0.1 at 2009-12-15 12:49:30) [GET]
  [4;35;1mUser Load (0.3ms)[0m   [0mSELECT * FROM "users" WHERE ("users"."id" = 1) LIMIT 1[0m
  [4;36;1mConsumerToken Load (0.2ms)[0m   [0;1mSELECT * FROM "consumer_tokens" WHERE ("consumer_tokens"."user_id" = 1) [0m
Rendering oauth_consumers/index
Completed in 22ms (View: 8, DB: 0) | 200 OK [http://localhost/oauth_consumers]


Processing OauthConsumersController#show (for 127.0.0.1 at 2009-12-15 12:49:34) [GET]
  Parameters: {"id"=>"dawanda"}
  [4;35;1mUser Load (0.5ms)[0m   [0mSELECT * FROM "users" WHERE ("users"."id" = 1) LIMIT 1[0m
  [4;36;1mDawandaToken Load (0.4ms)[0m   [0;1mSELECT * FROM "consumer_tokens" WHERE ("consumer_tokens"."user_id" = 1) AND ( ("consumer_tokens"."type" = 'DawandaToken' ) ) LIMIT 1[0m

NoMethodError (You have a nil object when you didn't expect it!
You might have expected an instance of Array.
The error occurred while evaluating nil.inject):
  oauth (0.3.6) lib/oauth/consumer.rb:78:in `initialize'
  /opt/ruby-enterprise-1.8.7-2009.10/lib/ruby/gems/1.8/gems/oauth-plugin-0.3.14/lib/oauth/models/consumers/token.rb:26:in `new'
  /opt/ruby-enterprise-1.8.7-2009.10/lib/ruby/gems/1.8/gems/oauth-plugin-0.3.14/lib/oauth/models/consumers/token.rb:26:in `consumer'
  /opt/ruby-enterprise-1.8.7-2009.10/lib/ruby/gems/1.8/gems/oauth-plugin-0.3.14/lib/oauth/models/consumers/token.rb:30:in `get_request_token'
  /opt/ruby-enterprise-1.8.7-2009.10/lib/ruby/gems/1.8/gems/oauth-plugin-0.3.14/lib/oauth/controllers/consumer_controller.rb:23:in `show'
  haml (2.2.12) rails/./lib/sass/plugin/rails.rb:19:in `process'

Rendered rescues/_trace (118.2ms)
Rendered rescues/_request_and_response (0.3ms)
Rendering rescues/layout (internal_server_error)


Processing OauthConsumersController#show (for 127.0.0.1 at 2009-12-15 12:49:56) [GET]
  Parameters: {"id"=>"dawanda"}
  [4;35;1mUser Load (0.2ms)[0m   [0mSELECT * FROM "users" WHERE ("users"."id" = 1) LIMIT 1[0m
  [4;36;1mDawandaToken Load (0.1ms)[0m   [0;1mSELECT * FROM "consumer_tokens" WHERE ("consumer_tokens"."user_id" = 1) AND ( ("consumer_tokens"."type" = 'DawandaToken' ) ) LIMIT 1[0m

NoMethodError (You have a nil object when you didn't expect it!
You might have expected an instance of Array.
The error occurred while evaluating nil.inject):
  oauth (0.3.6) lib/oauth/consumer.rb:78:in `initialize'
  /opt/ruby-enterprise-1.8.7-2009.10/lib/ruby/gems/1.8/gems/oauth-plugin-0.3.14/lib/oauth/models/consumers/token.rb:26:in `new'
  /opt/ruby-enterprise-1.8.7-2009.10/lib/ruby/gems/1.8/gems/oauth-plugin-0.3.14/lib/oauth/models/consumers/token.rb:26:in `consumer'
  /opt/ruby-enterprise-1.8.7-2009.10/lib/ruby/gems/1.8/gems/oauth-plugin-0.3.14/lib/oauth/models/consumers/token.rb:30:in `get_request_token'
  /opt/ruby-enterprise-1.8.7-2009.10/lib/ruby/gems/1.8/gems/oauth-plugin-0.3.14/lib/oauth/controllers/consumer_controller.rb:23:in `show'
  haml (2.2.12) rails/./lib/sass/plugin/rails.rb:19:in `process'

Rendered rescues/_trace (44.5ms)
Rendered rescues/_request_and_response (0.3ms)
Rendering rescues/layout (internal_server_error)


Processing OauthConsumersController#show (for 127.0.0.1 at 2009-12-15 12:51:26) [GET]
  Parameters: {"id"=>"dawanda"}
  [4;35;1mUser Load (0.2ms)[0m   [0mSELECT * FROM "users" WHERE ("users"."id" = 1) LIMIT 1[0m
  [4;36;1mDawandaToken Load (0.1ms)[0m   [0;1mSELECT * FROM "consumer_tokens" WHERE ("consumer_tokens"."user_id" = 1) AND ( ("consumer_tokens"."type" = 'DawandaToken' ) ) LIMIT 1[0m

NoMethodError (You have a nil object when you didn't expect it!
You might have expected an instance of Array.
The error occurred while evaluating nil.inject):
  oauth (0.3.6) lib/oauth/consumer.rb:78:in `initialize'
  /opt/ruby-enterprise-1.8.7-2009.10/lib/ruby/gems/1.8/gems/oauth-plugin-0.3.14/lib/oauth/models/consumers/token.rb:26:in `new'
  /opt/ruby-enterprise-1.8.7-2009.10/lib/ruby/gems/1.8/gems/oauth-plugin-0.3.14/lib/oauth/models/consumers/token.rb:26:in `consumer'
  /opt/ruby-enterprise-1.8.7-2009.10/lib/ruby/gems/1.8/gems/oauth-plugin-0.3.14/lib/oauth/models/consumers/token.rb:30:in `get_request_token'
  /opt/ruby-enterprise-1.8.7-2009.10/lib/ruby/gems/1.8/gems/oauth-plugin-0.3.14/lib/oauth/controllers/consumer_controller.rb:23:in `show'
  haml (2.2.12) rails/./lib/sass/plugin/rails.rb:19:in `process'

Rendered rescues/_trace (110.2ms)
Rendered rescues/_request_and_response (0.3ms)
Rendering rescues/layout (internal_server_error)


Processing OauthConsumersController#show (for 127.0.0.1 at 2009-12-15 12:51:45) [GET]
  Parameters: {"id"=>"dawanda"}
  [4;35;1mUser Load (0.3ms)[0m   [0mSELECT * FROM "users" WHERE ("users"."id" = 1) LIMIT 1[0m
  [4;36;1mDawandaToken Load (0.1ms)[0m   [0;1mSELECT * FROM "consumer_tokens" WHERE ("consumer_tokens"."user_id" = 1) AND ( ("consumer_tokens"."type" = 'DawandaToken' ) ) LIMIT 1[0m

NoMethodError (You have a nil object when you didn't expect it!
You might have expected an instance of Array.
The error occurred while evaluating nil.inject):
  oauth (0.3.6) lib/oauth/consumer.rb:78:in `initialize'
  /opt/ruby-enterprise-1.8.7-2009.10/lib/ruby/gems/1.8/gems/oauth-plugin-0.3.14/lib/oauth/models/consumers/token.rb:26:in `new'
  /opt/ruby-enterprise-1.8.7-2009.10/lib/ruby/gems/1.8/gems/oauth-plugin-0.3.14/lib/oauth/models/consumers/token.rb:26:in `consumer'
  /opt/ruby-enterprise-1.8.7-2009.10/lib/ruby/gems/1.8/gems/oauth-plugin-0.3.14/lib/oauth/models/consumers/token.rb:30:in `get_request_token'
  /opt/ruby-enterprise-1.8.7-2009.10/lib/ruby/gems/1.8/gems/oauth-plugin-0.3.14/lib/oauth/controllers/consumer_controller.rb:23:in `show'
  haml (2.2.12) rails/./lib/sass/plugin/rails.rb:19:in `process'

Rendered rescues/_trace (43.6ms)
Rendered rescues/_request_and_response (0.3ms)
Rendering rescues/layout (internal_server_error)


Processing OauthConsumersController#show (for 127.0.0.1 at 2009-12-15 12:51:51) [GET]
  Parameters: {"id"=>"dawanda"}
  [4;35;1mUser Load (0.3ms)[0m   [0mSELECT * FROM "users" WHERE ("users"."id" = 1) LIMIT 1[0m
  [4;36;1mDawandaToken Load (0.1ms)[0m   [0;1mSELECT * FROM "consumer_tokens" WHERE ("consumer_tokens"."user_id" = 1) AND ( ("consumer_tokens"."type" = 'DawandaToken' ) ) LIMIT 1[0m

NoMethodError (You have a nil object when you didn't expect it!
You might have expected an instance of Array.
The error occurred while evaluating nil.inject):
  oauth (0.3.6) lib/oauth/consumer.rb:78:in `initialize'
  /opt/ruby-enterprise-1.8.7-2009.10/lib/ruby/gems/1.8/gems/oauth-plugin-0.3.14/lib/oauth/models/consumers/token.rb:26:in `new'
  /opt/ruby-enterprise-1.8.7-2009.10/lib/ruby/gems/1.8/gems/oauth-plugin-0.3.14/lib/oauth/models/consumers/token.rb:26:in `consumer'
  /opt/ruby-enterprise-1.8.7-2009.10/lib/ruby/gems/1.8/gems/oauth-plugin-0.3.14/lib/oauth/models/consumers/token.rb:30:in `get_request_token'
  /opt/ruby-enterprise-1.8.7-2009.10/lib/ruby/gems/1.8/gems/oauth-plugin-0.3.14/lib/oauth/controllers/consumer_controller.rb:23:in `show'
  haml (2.2.12) rails/./lib/sass/plugin/rails.rb:19:in `process'

Rendered rescues/_trace (111.0ms)
Rendered rescues/_request_and_response (0.3ms)
Rendering rescues/layout (internal_server_error)


Processing OauthConsumersController#show (for 127.0.0.1 at 2009-12-15 12:51:58) [GET]
  Parameters: {"id"=>"dawanda"}
  [4;35;1mUser Load (0.3ms)[0m   [0mSELECT * FROM "users" WHERE ("users"."id" = 1) LIMIT 1[0m
  [4;36;1mDawandaToken Load (0.1ms)[0m   [0;1mSELECT * FROM "consumer_tokens" WHERE ("consumer_tokens"."user_id" = 1) AND ( ("consumer_tokens"."type" = 'DawandaToken' ) ) LIMIT 1[0m

NoMethodError (You have a nil object when you didn't expect it!
You might have expected an instance of Array.
The error occurred while evaluating nil.inject):
  oauth (0.3.6) lib/oauth/consumer.rb:78:in `initialize'
  /opt/ruby-enterprise-1.8.7-2009.10/lib/ruby/gems/1.8/gems/oauth-plugin-0.3.14/lib/oauth/models/consumers/token.rb:26:in `new'
  /opt/ruby-enterprise-1.8.7-2009.10/lib/ruby/gems/1.8/gems/oauth-plugin-0.3.14/lib/oauth/models/consumers/token.rb:26:in `consumer'
  /opt/ruby-enterprise-1.8.7-2009.10/lib/ruby/gems/1.8/gems/oauth-plugin-0.3.14/lib/oauth/models/consumers/token.rb:30:in `get_request_token'
  /opt/ruby-enterprise-1.8.7-2009.10/lib/ruby/gems/1.8/gems/oauth-plugin-0.3.14/lib/oauth/controllers/consumer_controller.rb:23:in `show'
  haml (2.2.12) rails/./lib/sass/plugin/rails.rb:19:in `process'

Rendered rescues/_trace (42.7ms)
Rendered rescues/_request_and_response (0.3ms)
Rendering rescues/layout (internal_server_error)


Processing OauthConsumersController#show (for 127.0.0.1 at 2009-12-15 12:52:02) [GET]
  Parameters: {"id"=>"dawanda"}
  [4;35;1mUser Load (0.3ms)[0m   [0mSELECT * FROM "users" WHERE ("users"."id" = 1) LIMIT 1[0m
  [4;36;1mDawandaToken Load (0.1ms)[0m   [0;1mSELECT * FROM "consumer_tokens" WHERE ("consumer_tokens"."user_id" = 1) AND ( ("consumer_tokens"."type" = 'DawandaToken' ) ) LIMIT 1[0m

NoMethodError (You have a nil object when you didn't expect it!
You might have expected an instance of Array.
The error occurred while evaluating nil.inject):
  oauth (0.3.6) lib/oauth/consumer.rb:78:in `initialize'
  /opt/ruby-enterprise-1.8.7-2009.10/lib/ruby/gems/1.8/gems/oauth-plugin-0.3.14/lib/oauth/models/consumers/token.rb:26:in `new'
  /opt/ruby-enterprise-1.8.7-2009.10/lib/ruby/gems/1.8/gems/oauth-plugin-0.3.14/lib/oauth/models/consumers/token.rb:26:in `consumer'
  /opt/ruby-enterprise-1.8.7-2009.10/lib/ruby/gems/1.8/gems/oauth-plugin-0.3.14/lib/oauth/models/consumers/token.rb:30:in `get_request_token'
  /opt/ruby-enterprise-1.8.7-2009.10/lib/ruby/gems/1.8/gems/oauth-plugin-0.3.14/lib/oauth/controllers/consumer_controller.rb:23:in `show'
  haml (2.2.12) rails/./lib/sass/plugin/rails.rb:19:in `process'

Rendered rescues/_trace (43.2ms)
Rendered rescues/_request_and_response (0.3ms)
Rendering rescues/layout (internal_server_error)


Processing OauthConsumersController#show (for 127.0.0.1 at 2009-12-15 12:52:06) [GET]
  Parameters: {"id"=>"dawanda"}
  [4;35;1mUser Load (0.3ms)[0m   [0mSELECT * FROM "users" WHERE ("users"."id" = 1) LIMIT 1[0m
  [4;36;1mDawandaToken Load (0.1ms)[0m   [0;1mSELECT * FROM "consumer_tokens" WHERE ("consumer_tokens"."user_id" = 1) AND ( ("consumer_tokens"."type" = 'DawandaToken' ) ) LIMIT 1[0m

NoMethodError (You have a nil object when you didn't expect it!
You might have expected an instance of Array.
The error occurred while evaluating nil.inject):
  oauth (0.3.6) lib/oauth/consumer.rb:78:in `initialize'
  /opt/ruby-enterprise-1.8.7-2009.10/lib/ruby/gems/1.8/gems/oauth-plugin-0.3.14/lib/oauth/models/consumers/token.rb:26:in `new'
  /opt/ruby-enterprise-1.8.7-2009.10/lib/ruby/gems/1.8/gems/oauth-plugin-0.3.14/lib/oauth/models/consumers/token.rb:26:in `consumer'
  /opt/ruby-enterprise-1.8.7-2009.10/lib/ruby/gems/1.8/gems/oauth-plugin-0.3.14/lib/oauth/models/consumers/token.rb:30:in `get_request_token'
  /opt/ruby-enterprise-1.8.7-2009.10/lib/ruby/gems/1.8/gems/oauth-plugin-0.3.14/lib/oauth/controllers/consumer_controller.rb:23:in `show'
  haml (2.2.12) rails/./lib/sass/plugin/rails.rb:19:in `process'

Rendered rescues/_trace (43.6ms)
Rendered rescues/_request_and_response (0.3ms)
Rendering rescues/layout (internal_server_error)


Processing OauthConsumersController#show (for 127.0.0.1 at 2009-12-15 12:54:24) [GET]
  Parameters: {"id"=>"dawanda"}
  [4;36;1mUser Load (0.4ms)[0m   [0;1mSELECT * FROM "users" WHERE ("users"."id" = 1) LIMIT 1[0m
  [4;35;1mDawandaToken Load (0.2ms)[0m   [0mSELECT * FROM "consumer_tokens" WHERE ("consumer_tokens"."user_id" = 1) AND ( ("consumer_tokens"."type" = 'DawandaToken' ) ) LIMIT 1[0m

NoMethodError (You have a nil object when you didn't expect it!
You might have expected an instance of Array.
The error occurred while evaluating nil.inject):
  oauth (0.3.6) [v] lib/oauth/consumer.rb:78:in `initialize'
  vendor/gems/oauth-plugin-0.3.14/lib/oauth/models/consumers/token.rb:26:in `new'
  vendor/gems/oauth-plugin-0.3.14/lib/oauth/models/consumers/token.rb:26:in `consumer'
  vendor/gems/oauth-plugin-0.3.14/lib/oauth/models/consumers/token.rb:30:in `get_request_token'
  vendor/gems/oauth-plugin-0.3.14/lib/oauth/controllers/consumer_controller.rb:23:in `show'
  haml (2.2.12) [v] rails/./lib/sass/plugin/rails.rb:19:in `process'

Rendered rescues/_trace (127.6ms)
Rendered rescues/_request_and_response (1.2ms)
Rendering rescues/layout (internal_server_error)
  [4;36;1mUser Load (0.6ms)[0m   [0;1mSELECT * FROM "users" LIMIT 1[0m
  [4;35;1mUser Load (0.4ms)[0m   [0mSELECT * FROM "users" LIMIT 1[0m
  [4;36;1mUser Load (0.7ms)[0m   [0;1mSELECT * FROM "users" LIMIT 1[0m
  [4;35;1mDawandaToken Load (0.2ms)[0m   [0mSELECT * FROM "consumer_tokens" WHERE ("consumer_tokens".user_id = 1) AND ( ("consumer_tokens"."type" = 'DawandaToken' ) ) LIMIT 1[0m


Processing OauthConsumersController#show (for 127.0.0.1 at 2009-12-15 12:55:50) [GET]
  Parameters: {"id"=>"dawanda"}
  [4;36;1mUser Load (0.2ms)[0m   [0;1mSELECT * FROM "users" WHERE ("users"."id" = 1) LIMIT 1[0m
  [4;35;1mDawandaToken Load (0.1ms)[0m   [0mSELECT * FROM "consumer_tokens" WHERE ("consumer_tokens"."user_id" = 1) AND ( ("consumer_tokens"."type" = 'DawandaToken' ) ) LIMIT 1[0m

NoMethodError (You have a nil object when you didn't expect it!
You might have expected an instance of Array.
The error occurred while evaluating nil.inject):
  oauth (0.3.6) [v] lib/oauth/consumer.rb:78:in `initialize'
  vendor/gems/oauth-plugin-0.3.14/lib/oauth/models/consumers/token.rb:26:in `new'
  vendor/gems/oauth-plugin-0.3.14/lib/oauth/models/consumers/token.rb:26:in `consumer'
  vendor/gems/oauth-plugin-0.3.14/lib/oauth/models/consumers/token.rb:30:in `get_request_token'
  vendor/gems/oauth-plugin-0.3.14/lib/oauth/controllers/consumer_controller.rb:23:in `show'
  haml (2.2.12) [v] rails/./lib/sass/plugin/rails.rb:19:in `process'

Rendered rescues/_trace (42.7ms)
Rendered rescues/_request_and_response (0.3ms)
Rendering rescues/layout (internal_server_error)


Processing OauthConsumersController#show (for 127.0.0.1 at 2009-12-15 12:55:51) [GET]
  Parameters: {"id"=>"dawanda"}
  [4;36;1mUser Load (0.3ms)[0m   [0;1mSELECT * FROM "users" WHERE ("users"."id" = 1) LIMIT 1[0m
  [4;35;1mDawandaToken Load (0.2ms)[0m   [0mSELECT * FROM "consumer_tokens" WHERE ("consumer_tokens"."user_id" = 1) AND ( ("consumer_tokens"."type" = 'DawandaToken' ) ) LIMIT 1[0m

NoMethodError (You have a nil object when you didn't expect it!
You might have expected an instance of Array.
The error occurred while evaluating nil.inject):
  oauth (0.3.6) [v] lib/oauth/consumer.rb:78:in `initialize'
  vendor/gems/oauth-plugin-0.3.14/lib/oauth/models/consumers/token.rb:26:in `new'
  vendor/gems/oauth-plugin-0.3.14/lib/oauth/models/consumers/token.rb:26:in `consumer'
  vendor/gems/oauth-plugin-0.3.14/lib/oauth/models/consumers/token.rb:30:in `get_request_token'
  vendor/gems/oauth-plugin-0.3.14/lib/oauth/controllers/consumer_controller.rb:23:in `show'
  haml (2.2.12) [v] rails/./lib/sass/plugin/rails.rb:19:in `process'

Rendered rescues/_trace (113.0ms)
Rendered rescues/_request_and_response (0.3ms)
Rendering rescues/layout (internal_server_error)


Processing OauthConsumersController#show (for 127.0.0.1 at 2009-12-15 12:55:51) [GET]
  Parameters: {"id"=>"dawanda"}
  [4;36;1mUser Load (0.3ms)[0m   [0;1mSELECT * FROM "users" WHERE ("users"."id" = 1) LIMIT 1[0m
  [4;35;1mDawandaToken Load (0.2ms)[0m   [0mSELECT * FROM "consumer_tokens" WHERE ("consumer_tokens"."user_id" = 1) AND ( ("consumer_tokens"."type" = 'DawandaToken' ) ) LIMIT 1[0m

NoMethodError (You have a nil object when you didn't expect it!
You might have expected an instance of Array.
The error occurred while evaluating nil.inject):
  oauth (0.3.6) [v] lib/oauth/consumer.rb:78:in `initialize'
  vendor/gems/oauth-plugin-0.3.14/lib/oauth/models/consumers/token.rb:26:in `new'
  vendor/gems/oauth-plugin-0.3.14/lib/oauth/models/consumers/token.rb:26:in `consumer'
  vendor/gems/oauth-plugin-0.3.14/lib/oauth/models/consumers/token.rb:30:in `get_request_token'
  vendor/gems/oauth-plugin-0.3.14/lib/oauth/controllers/consumer_controller.rb:23:in `show'
  haml (2.2.12) [v] rails/./lib/sass/plugin/rails.rb:19:in `process'

Rendered rescues/_trace (42.6ms)
Rendered rescues/_request_and_response (0.3ms)
Rendering rescues/layout (internal_server_error)


Processing OauthConsumersController#index (for 127.0.0.1 at 2009-12-15 12:56:10) [GET]
  [4;36;1mUser Load (0.2ms)[0m   [0;1mSELECT * FROM "users" WHERE ("users"."id" = 1) LIMIT 1[0m
  [4;35;1mConsumerToken Load (0.2ms)[0m   [0mSELECT * FROM "consumer_tokens" WHERE ("consumer_tokens"."user_id" = 1) [0m
Rendering oauth_consumers/index
Completed in 90ms (View: 78, DB: 0) | 200 OK [http://localhost/oauth_consumers]


Processing OauthConsumersController#show (for 127.0.0.1 at 2009-12-15 12:56:11) [GET]
  Parameters: {"id"=>"dawanda"}
  [4;36;1mUser Load (0.3ms)[0m   [0;1mSELECT * FROM "users" WHERE ("users"."id" = 1) LIMIT 1[0m
  [4;35;1mDawandaToken Load (0.2ms)[0m   [0mSELECT * FROM "consumer_tokens" WHERE ("consumer_tokens"."user_id" = 1) AND ( ("consumer_tokens"."type" = 'DawandaToken' ) ) LIMIT 1[0m

NoMethodError (You have a nil object when you didn't expect it!
You might have expected an instance of Array.
The error occurred while evaluating nil.inject):
  oauth (0.3.6) [v] lib/oauth/consumer.rb:78:in `initialize'
  vendor/gems/oauth-plugin-0.3.14/lib/oauth/models/consumers/token.rb:26:in `new'
  vendor/gems/oauth-plugin-0.3.14/lib/oauth/models/consumers/token.rb:26:in `consumer'
  vendor/gems/oauth-plugin-0.3.14/lib/oauth/models/consumers/token.rb:30:in `get_request_token'
  vendor/gems/oauth-plugin-0.3.14/lib/oauth/controllers/consumer_controller.rb:23:in `show'
  haml (2.2.12) [v] rails/./lib/sass/plugin/rails.rb:19:in `process'

Rendered rescues/_trace (43.2ms)
Rendered rescues/_request_and_response (0.3ms)
Rendering rescues/layout (internal_server_error)


Processing OauthConsumersController#show (for 127.0.0.1 at 2009-12-15 13:02:35) [GET]
  Parameters: {"id"=>"dawanda"}
  [4;36;1mUser Load (0.2ms)[0m   [0;1mSELECT * FROM "users" WHERE ("users"."id" = 1) LIMIT 1[0m
  [4;35;1mDawandaToken Load (0.1ms)[0m   [0mSELECT * FROM "consumer_tokens" WHERE ("consumer_tokens"."user_id" = 1) AND ( ("consumer_tokens"."type" = 'DawandaToken' ) ) LIMIT 1[0m

NoMethodError (You have a nil object when you didn't expect it!
You might have expected an instance of Array.
The error occurred while evaluating nil.inject):
  oauth (0.3.6) [v] lib/oauth/consumer.rb:78:in `initialize'
  vendor/gems/oauth-plugin-0.3.14/lib/oauth/models/consumers/token.rb:26:in `new'
  vendor/gems/oauth-plugin-0.3.14/lib/oauth/models/consumers/token.rb:26:in `consumer'
  vendor/gems/oauth-plugin-0.3.14/lib/oauth/models/consumers/token.rb:30:in `get_request_token'
  vendor/gems/oauth-plugin-0.3.14/lib/oauth/controllers/consumer_controller.rb:23:in `show'
  haml (2.2.12) [v] rails/./lib/sass/plugin/rails.rb:19:in `process'

Rendered rescues/_trace (114.4ms)
Rendered rescues/_request_and_response (0.3ms)
Rendering rescues/layout (internal_server_error)


Processing OauthConsumersController#callback (for 127.0.0.1 at 2009-12-15 13:03:20) [GET]
  Parameters: {"id"=>"dawanda"}
  [4;36;1mUser Load (0.3ms)[0m   [0;1mSELECT * FROM "users" WHERE ("users"."id" = 1) LIMIT 1[0m
  [4;35;1mDawandaToken Load (0.1ms)[0m   [0mSELECT * FROM "consumer_tokens" WHERE ("consumer_tokens"."user_id" = 1) AND ( ("consumer_tokens"."type" = 'DawandaToken' ) ) LIMIT 1[0m

ActionView::MissingTemplate (Missing template oauth_consumers/callback.erb in view path app/views):
  haml (2.2.12) [v] rails/./lib/sass/plugin/rails.rb:19:in `process'

Rendering rescues/layout (internal_server_error)


Processing OauthConsumersController#index (for 127.0.0.1 at 2009-12-15 13:03:59) [GET]
  [4;36;1mUser Load (0.2ms)[0m   [0;1mSELECT * FROM "users" WHERE ("users"."id" = 1) LIMIT 1[0m
  [4;35;1mConsumerToken Load (0.2ms)[0m   [0mSELECT * FROM "consumer_tokens" WHERE ("consumer_tokens"."user_id" = 1) [0m
Rendering oauth_consumers/index
Completed in 14ms (View: 1, DB: 0) | 200 OK [http://localhost/oauth_consumers/]
  [4;36;1mSQL (0.3ms)[0m   [0;1m SELECT name
 FROM sqlite_master
 WHERE type = 'table' AND NOT name = 'sqlite_sequence'
[0m
  [4;35;1mConsumerToken Load (0.2ms)[0m   [0mSELECT * FROM "consumer_tokens" LIMIT 1[0m


Processing OauthConsumersController#new (for 127.0.0.1 at 2009-12-15 13:04:47) [GET]
  [4;36;1mUser Load (0.3ms)[0m   [0;1mSELECT * FROM "users" WHERE ("users"."id" = 1) LIMIT 1[0m

NoMethodError (undefined method `to_sym' for nil:NilClass):
  vendor/gems/oauth-plugin-0.3.14/lib/oauth/controllers/consumer_controller.rb:68:in `load_consumer'
  haml (2.2.12) [v] rails/./lib/sass/plugin/rails.rb:19:in `process'

Rendered rescues/_trace (112.4ms)
Rendered rescues/_request_and_response (0.3ms)
Rendering rescues/layout (internal_server_error)


Processing OauthConsumersController#new (for 127.0.0.1 at 2009-12-15 13:10:18) [GET]
  [4;36;1mUser Load (0.4ms)[0m   [0;1mSELECT * FROM "users" WHERE ("users"."id" = 1) LIMIT 1[0m

NoMethodError (undefined method `to_sym' for nil:NilClass):
  vendor/gems/oauth-plugin-0.3.14/lib/oauth/controllers/consumer_controller.rb:68:in `load_consumer'
  haml (2.2.12) [v] rails/./lib/sass/plugin/rails.rb:19:in `process'

Rendered rescues/_trace (103.4ms)
Rendered rescues/_request_and_response (1.2ms)
Rendering rescues/layout (internal_server_error)


Processing OauthConsumersController#index (for 127.0.0.1 at 2009-12-15 13:10:21) [GET]
  [4;35;1mUser Load (0.3ms)[0m   [0mSELECT * FROM "users" WHERE ("users"."id" = 1) LIMIT 1[0m
  [4;36;1mConsumerToken Load (0.2ms)[0m   [0;1mSELECT * FROM "consumer_tokens" WHERE ("consumer_tokens"."user_id" = 1) [0m
Rendering oauth_consumers/index
Completed in 21ms (View: 8, DB: 0) | 200 OK [http://localhost/oauth_consumers/]


Processing OauthConsumersController#show (for 127.0.0.1 at 2009-12-15 13:10:26) [GET]
  Parameters: {"id"=>"dawanda"}
  [4;35;1mUser Load (0.3ms)[0m   [0mSELECT * FROM "users" WHERE ("users"."id" = 1) LIMIT 1[0m
  [4;36;1mDawandaToken Load (0.1ms)[0m   [0;1mSELECT * FROM "consumer_tokens" WHERE ("consumer_tokens"."user_id" = 1) AND ( ("consumer_tokens"."type" = 'DawandaToken' ) ) LIMIT 1[0m
Redirected to http://de.devanda.com/oauth/authorize?oauth_token=vYLaFfVw8RfticVGmi6y
Completed in 9618ms (DB: 0) | 302 Found [http://localhost/oauth_consumers/dawanda]


Processing OauthConsumersController#callback (for 127.0.0.1 at 2009-12-15 13:10:52) [GET]
  Parameters: {"id"=>"dawanda", "oauth_token"=>"vYLaFfVw8RfticVGmi6y", "oauth_verifier"=>"nZS1qYzppPq1no6UUUUw"}
  [4;35;1mUser Load (0.3ms)[0m   [0mSELECT * FROM "users" WHERE ("users"."id" = 1) LIMIT 1[0m
  [4;36;1mDawandaToken Load (0.1ms)[0m   [0;1mSELECT * FROM "consumer_tokens" WHERE ("consumer_tokens"."user_id" = 1) AND ( ("consumer_tokens"."type" = 'DawandaToken' ) ) LIMIT 1[0m
  [4;35;1mDawandaToken Create (0.5ms)[0m   [0mINSERT INTO "consumer_tokens" ("created_at", "token", "updated_at", "user_id", "type", "secret") VALUES('2009-12-15 12:10:53', 'VbQufsXllo6t6FEXh69w', '2009-12-15 12:10:53', 1, 'DawandaToken', 'EfY2RoRLdM8YhSs8xU2vO16WjJUsWCfuNX8al7DD')[0m
Redirected to http://localhost:3000/
Completed in 718ms (DB: 1) | 302 Found [http://localhost/oauth_consumers/dawanda/callback?oauth_token=vYLaFfVw8RfticVGmi6y&oauth_verifier=nZS1qYzppPq1no6UUUUw]


Processing HomeController#index (for 127.0.0.1 at 2009-12-15 13:10:53) [GET]
Rendering home/index
  [4;36;1mUser Load (0.3ms)[0m   [0;1mSELECT * FROM "users" WHERE ("users"."id" = 1) LIMIT 1[0m
Completed in 17ms (View: 15, DB: 0) | 200 OK [http://localhost/]


Processing OauthConsumersController#index (for 127.0.0.1 at 2009-12-15 13:10:59) [GET]
  [4;35;1mUser Load (0.2ms)[0m   [0mSELECT * FROM "users" WHERE ("users"."id" = 1) LIMIT 1[0m
  [4;36;1mConsumerToken Load (0.3ms)[0m   [0;1mSELECT * FROM "consumer_tokens" WHERE ("consumer_tokens"."user_id" = 1) [0m
Rendering oauth_consumers/index
Completed in 14ms (View: 1, DB: 1) | 200 OK [http://localhost/oauth_consumers/]
  [4;36;1mConsumerToken Load (0.6ms)[0m   [0;1mSELECT * FROM "consumer_tokens" LIMIT 1[0m
  [4;35;1mUser Load (0.6ms)[0m   [0mSELECT * FROM "users" LIMIT 1[0m
  [4;36;1mDawandaToken Load (0.7ms)[0m   [0;1mSELECT * FROM "consumer_tokens" WHERE ("consumer_tokens".user_id = 1) AND ( ("consumer_tokens"."type" = 'DawandaToken' ) ) LIMIT 1[0m
  [4;35;1mUser Load (0.4ms)[0m   [0mSELECT * FROM "users" LIMIT 1[0m
  [4;36;1mDawandaToken Load (0.4ms)[0m   [0;1mSELECT * FROM "consumer_tokens" WHERE ("consumer_tokens".user_id = 1) AND ( ("consumer_tokens"."type" = 'DawandaToken' ) ) LIMIT 1[0m
  [4;35;1mUser Load (0.4ms)[0m   [0mSELECT * FROM "users" LIMIT 1[0m
  [4;36;1mDawandaToken Load (0.5ms)[0m   [0;1mSELECT * FROM "consumer_tokens" WHERE ("consumer_tokens".user_id = 1) AND ( ("consumer_tokens"."type" = 'DawandaToken' ) ) LIMIT 1[0m
  [4;35;1mUser Load (0.4ms)[0m   [0mSELECT * FROM "users" LIMIT 1[0m
  [4;36;1mDawandaToken Load (0.4ms)[0m   [0;1mSELECT * FROM "consumer_tokens" WHERE ("consumer_tokens".user_id = 1) AND ( ("consumer_tokens"."type" = 'DawandaToken' ) ) LIMIT 1[0m
  [4;35;1mUser Load (0.4ms)[0m   [0mSELECT * FROM "users" LIMIT 1[0m
  [4;36;1mDawandaToken Load (0.3ms)[0m   [0;1mSELECT * FROM "consumer_tokens" WHERE ("consumer_tokens".user_id = 1) AND ( ("consumer_tokens"."type" = 'DawandaToken' ) ) LIMIT 1[0m
  [4;35;1mUser Load (0.4ms)[0m   [0mSELECT * FROM "users" LIMIT 1[0m
  [4;36;1mDawandaToken Load (0.3ms)[0m   [0;1mSELECT * FROM "consumer_tokens" WHERE ("consumer_tokens".user_id = 1) AND ( ("consumer_tokens"."type" = 'DawandaToken' ) ) LIMIT 1[0m
  [4;35;1mUser Load (0.4ms)[0m   [0mSELECT * FROM "users" LIMIT 1[0m
  [4;36;1mDawandaToken Load (0.4ms)[0m   [0;1mSELECT * FROM "consumer_tokens" WHERE ("consumer_tokens".user_id = 1) AND ( ("consumer_tokens"."type" = 'DawandaToken' ) ) LIMIT 1[0m
  [4;35;1mUser Load (0.4ms)[0m   [0mSELECT * FROM "users" LIMIT 1[0m
  [4;36;1mDawandaToken Load (0.4ms)[0m   [0;1mSELECT * FROM "consumer_tokens" WHERE ("consumer_tokens".user_id = 1) AND ( ("consumer_tokens"."type" = 'DawandaToken' ) ) LIMIT 1[0m
  [4;35;1mUser Load (0.4ms)[0m   [0mSELECT * FROM "users" LIMIT 1[0m
  [4;36;1mDawandaToken Load (0.4ms)[0m   [0;1mSELECT * FROM "consumer_tokens" WHERE ("consumer_tokens".user_id = 1) AND ( ("consumer_tokens"."type" = 'DawandaToken' ) ) LIMIT 1[0m
  [4;35;1mUser Load (0.4ms)[0m   [0mSELECT * FROM "users" LIMIT 1[0m
  [4;36;1mDawandaToken Load (0.4ms)[0m   [0;1mSELECT * FROM "consumer_tokens" WHERE ("consumer_tokens".user_id = 1) AND ( ("consumer_tokens"."type" = 'DawandaToken' ) ) LIMIT 1[0m
  [4;35;1mUser Load (0.5ms)[0m   [0mSELECT * FROM "users" LIMIT 1[0m
  [4;36;1mDawandaToken Load (0.4ms)[0m   [0;1mSELECT * FROM "consumer_tokens" WHERE ("consumer_tokens".user_id = 1) AND ( ("consumer_tokens"."type" = 'DawandaToken' ) ) LIMIT 1[0m
  [4;35;1mUser Load (0.4ms)[0m   [0mSELECT * FROM "users" LIMIT 1[0m
  [4;36;1mDawandaToken Load (0.3ms)[0m   [0;1mSELECT * FROM "consumer_tokens" WHERE ("consumer_tokens".user_id = 1) AND ( ("consumer_tokens"."type" = 'DawandaToken' ) ) LIMIT 1[0m
  [4;35;1mUser Load (0.4ms)[0m   [0mSELECT * FROM "users" LIMIT 1[0m
  [4;36;1mDawandaToken Load (0.3ms)[0m   [0;1mSELECT * FROM "consumer_tokens" WHERE ("consumer_tokens".user_id = 1) AND ( ("consumer_tokens"."type" = 'DawandaToken' ) ) LIMIT 1[0m
  [4;35;1mUser Load (0.3ms)[0m   [0mSELECT * FROM "users" LIMIT 1[0m
  [4;36;1mDawandaToken Load (0.2ms)[0m   [0;1mSELECT * FROM "consumer_tokens" WHERE ("consumer_tokens".user_id = 1) AND ( ("consumer_tokens"."type" = 'DawandaToken' ) ) LIMIT 1[0m
  [4;35;1mUser Load (0.5ms)[0m   [0mSELECT * FROM "users" LIMIT 1[0m
  [4;36;1mDawandaToken Load (0.3ms)[0m   [0;1mSELECT * FROM "consumer_tokens" WHERE ("consumer_tokens".user_id = 1) AND ( ("consumer_tokens"."type" = 'DawandaToken' ) ) LIMIT 1[0m
  [4;35;1mUser Load (0.4ms)[0m   [0mSELECT * FROM "users" LIMIT 1[0m
  [4;36;1mDawandaToken Load (0.3ms)[0m   [0;1mSELECT * FROM "consumer_tokens" WHERE ("consumer_tokens".user_id = 1) AND ( ("consumer_tokens"."type" = 'DawandaToken' ) ) LIMIT 1[0m
  [4;36;1mUser Load (0.6ms)[0m   [0;1mSELECT * FROM "users" LIMIT 1[0m
  [4;35;1mDawandaToken Load (0.3ms)[0m   [0mSELECT * FROM "consumer_tokens" WHERE ("consumer_tokens".user_id = 1) AND ( ("consumer_tokens"."type" = 'DawandaToken' ) ) LIMIT 1[0m
  [4;36;1mUser Load (0.5ms)[0m   [0;1mSELECT * FROM "users" LIMIT 1[0m
  [4;35;1mDawandaToken Load (0.4ms)[0m   [0mSELECT * FROM "consumer_tokens" WHERE ("consumer_tokens".user_id = 1) AND ( ("consumer_tokens"."type" = 'DawandaToken' ) ) LIMIT 1[0m
  [4;36;1mUser Load (0.5ms)[0m   [0;1mSELECT * FROM "users" LIMIT 1[0m
  [4;35;1mDawandaToken Load (0.5ms)[0m   [0mSELECT * FROM "consumer_tokens" WHERE ("consumer_tokens".user_id = 1) AND ( ("consumer_tokens"."type" = 'DawandaToken' ) ) LIMIT 1[0m


Processing OauthConsumersController#index (for 127.0.0.1 at 2009-12-15 15:02:17) [GET]
  [4;36;1mUser Load (0.4ms)[0m   [0;1mSELECT * FROM "users" WHERE ("users"."id" = 1) LIMIT 1[0m
  [4;35;1mConsumerToken Load (0.3ms)[0m   [0mSELECT * FROM "consumer_tokens" WHERE ("consumer_tokens"."user_id" = 1) [0m
Rendering oauth_consumers/index
Completed in 37ms (View: 9, DB: 1) | 200 OK [http://localhost/oauth_consumers/]


Processing OauthConsumersController#show (for 127.0.0.1 at 2009-12-15 15:02:21) [GET]
  Parameters: {"id"=>"dawanda"}
  [4;36;1mUser Load (0.2ms)[0m   [0;1mSELECT * FROM "users" WHERE ("users"."id" = 1) LIMIT 1[0m
  [4;35;1mDawandaToken Load (0.2ms)[0m   [0mSELECT * FROM "consumer_tokens" WHERE ("consumer_tokens"."user_id" = 1) AND ( ("consumer_tokens"."type" = 'DawandaToken' ) ) LIMIT 1[0m
Rendering oauth_consumers/show
Completed in 16ms (View: 6, DB: 0) | 200 OK [http://localhost/oauth_consumers/dawanda]


Processing OauthConsumersController#destroy (for 127.0.0.1 at 2009-12-15 15:02:23) [DELETE]
  Parameters: {"commit"=>"Reconnect", "authenticity_token"=>"T33bpftjcXisWgrYTnx6nR9/3nWFbY4mbSBK0A34Yfo=", "id"=>"dawanda"}
  [4;36;1mUser Load (0.3ms)[0m   [0;1mSELECT * FROM "users" WHERE ("users"."id" = 1) LIMIT 1[0m
  [4;35;1mDawandaToken Load (0.2ms)[0m   [0mSELECT * FROM "consumer_tokens" WHERE ("consumer_tokens"."user_id" = 1) AND ( ("consumer_tokens"."type" = 'DawandaToken' ) ) LIMIT 1[0m
  [4;36;1mDawandaToken Destroy (0.7ms)[0m   [0;1mDELETE FROM "consumer_tokens" WHERE "id" = 1[0m
Redirected to http://localhost:3000/oauth_consumers/dawanda
Completed in 18ms (DB: 1) | 302 Found [http://localhost/oauth_consumers/dawanda]


Processing OauthConsumersController#show (for 127.0.0.1 at 2009-12-15 15:02:23) [GET]
  Parameters: {"id"=>"dawanda"}
  [4;35;1mUser Load (0.3ms)[0m   [0mSELECT * FROM "users" WHERE ("users"."id" = 1) LIMIT 1[0m
  [4;36;1mDawandaToken Load (0.1ms)[0m   [0;1mSELECT * FROM "consumer_tokens" WHERE ("consumer_tokens"."user_id" = 1) AND ( ("consumer_tokens"."type" = 'DawandaToken' ) ) LIMIT 1[0m
Redirected to http://de.devanda.com/oauth/authorize?oauth_token=xKYfN2fVL25MS1nkBR3c
Completed in 902ms (DB: 0) | 302 Found [http://localhost/oauth_consumers/dawanda]


Processing OauthConsumersController#callback (for 127.0.0.1 at 2009-12-15 15:02:31) [GET]
  Parameters: {"id"=>"dawanda", "oauth_token"=>"xKYfN2fVL25MS1nkBR3c", "oauth_verifier"=>"jSX1zOgWV6AyfKWI4SZ8"}
  [4;35;1mUser Load (0.3ms)[0m   [0mSELECT * FROM "users" WHERE ("users"."id" = 1) LIMIT 1[0m
  [4;36;1mDawandaToken Load (0.1ms)[0m   [0;1mSELECT * FROM "consumer_tokens" WHERE ("consumer_tokens"."user_id" = 1) AND ( ("consumer_tokens"."type" = 'DawandaToken' ) ) LIMIT 1[0m
  [4;35;1mDawandaToken Create (0.4ms)[0m   [0mINSERT INTO "consumer_tokens" ("created_at", "token", "updated_at", "user_id", "type", "secret") VALUES('2009-12-15 14:02:32', 'f0y6NE22FbSJCfLzfuht', '2009-12-15 14:02:32', 1, 'DawandaToken', '3VQ5aIs3DjF9rpArmtPbIePwOtn0YBKmr1B79mlZ')[0m
Redirected to http://localhost:3000/
Completed in 848ms (DB: 1) | 302 Found [http://localhost/oauth_consumers/dawanda/callback?oauth_token=xKYfN2fVL25MS1nkBR3c&oauth_verifier=jSX1zOgWV6AyfKWI4SZ8]


Processing HomeController#index (for 127.0.0.1 at 2009-12-15 15:02:32) [GET]
Rendering home/index
  [4;36;1mUser Load (0.5ms)[0m   [0;1mSELECT * FROM "users" WHERE ("users"."id" = 1) LIMIT 1[0m
Completed in 20ms (View: 18, DB: 1) | 200 OK [http://localhost/]
  [4;36;1mUser Load (0.5ms)[0m   [0;1mSELECT * FROM "users" LIMIT 1[0m
  [4;35;1mDawandaToken Load (0.6ms)[0m   [0mSELECT * FROM "consumer_tokens" WHERE ("consumer_tokens".user_id = 1) AND ( ("consumer_tokens"."type" = 'DawandaToken' ) ) LIMIT 1[0m
  [4;36;1mSQL (0.4ms)[0m   [0;1m SELECT name
 FROM sqlite_master
 WHERE type = 'table' AND NOT name = 'sqlite_sequence'
[0m
  [4;35;1mDawandaToken Load (0.4ms)[0m   [0mSELECT * FROM "consumer_tokens" WHERE ( ("consumer_tokens"."type" = 'DawandaToken' ) ) LIMIT 1[0m
  [4;36;1mDawandaToken Load (0.4ms)[0m   [0;1mSELECT * FROM "consumer_tokens" WHERE ( ("consumer_tokens"."type" = 'DawandaToken' ) ) LIMIT 1[0m
  [4;35;1mUser Load (0.5ms)[0m   [0mSELECT * FROM "users" LIMIT 1[0m
  [4;36;1mUser Load (0.5ms)[0m   [0;1mSELECT * FROM "users" LIMIT 1[0m
  [4;35;1mDawandaToken Load (0.2ms)[0m   [0mSELECT * FROM "consumer_tokens" WHERE ("consumer_tokens".user_id = 1) AND ( ("consumer_tokens"."type" = 'DawandaToken' ) ) LIMIT 1[0m
  [4;36;1mUser Load (0.9ms)[0m   [0;1mSELECT * FROM "users" LIMIT 1[0m
  [4;35;1mDawandaToken Load (0.2ms)[0m   [0mSELECT * FROM "consumer_tokens" WHERE ("consumer_tokens".user_id = 1) AND ( ("consumer_tokens"."type" = 'DawandaToken' ) ) LIMIT 1[0m
  [4;36;1mUser Load (1.1ms)[0m   [0;1mSELECT * FROM "users" LIMIT 1[0m
  [4;35;1mDawandaToken Load (0.4ms)[0m   [0mSELECT * FROM "consumer_tokens" WHERE ("consumer_tokens".user_id = 1) AND ( ("consumer_tokens"."type" = 'DawandaToken' ) ) LIMIT 1[0m
  [4;36;1mUser Load (0.5ms)[0m   [0;1mSELECT * FROM "users" LIMIT 1[0m
  [4;35;1mDawandaToken Load (0.3ms)[0m   [0mSELECT * FROM "consumer_tokens" WHERE ("consumer_tokens".user_id = 1) AND ( ("consumer_tokens"."type" = 'DawandaToken' ) ) LIMIT 1[0m
  [4;36;1mUser Load (0.5ms)[0m   [0;1mSELECT * FROM "users" LIMIT 1[0m
  [4;35;1mDawandaToken Load (0.3ms)[0m   [0mSELECT * FROM "consumer_tokens" WHERE ("consumer_tokens".user_id = 1) AND ( ("consumer_tokens"."type" = 'DawandaToken' ) ) LIMIT 1[0m
  [4;36;1mDawandaToken Load (0.4ms)[0m   [0;1mSELECT * FROM "consumer_tokens" WHERE ( ("consumer_tokens"."type" = 'DawandaToken' ) ) LIMIT 1[0m
  [4;35;1mUser Load (0.4ms)[0m   [0mSELECT * FROM "users" LIMIT 1[0m
  [4;36;1mDawandaToken Load (0.3ms)[0m   [0;1mSELECT * FROM "consumer_tokens" WHERE ("consumer_tokens".user_id = 1) AND ( ("consumer_tokens"."type" = 'DawandaToken' ) ) LIMIT 1[0m
  [4;35;1mUser Load (0.4ms)[0m   [0mSELECT * FROM "users" LIMIT 1[0m
  [4;36;1mDawandaToken Load (0.3ms)[0m   [0;1mSELECT * FROM "consumer_tokens" WHERE ("consumer_tokens".user_id = 1) AND ( ("consumer_tokens"."type" = 'DawandaToken' ) ) LIMIT 1[0m
  [4;35;1mUser Load (0.5ms)[0m   [0mSELECT * FROM "users" LIMIT 1[0m
  [4;36;1mDawandaToken Load (0.6ms)[0m   [0;1mSELECT * FROM "consumer_tokens" WHERE ("consumer_tokens".user_id = 1) AND ( ("consumer_tokens"."type" = 'DawandaToken' ) ) LIMIT 1[0m


Processing OauthConsumersController#show (for 127.0.0.1 at 2009-12-15 17:26:13) [GET]
  Parameters: {"id"=>"dawanda"}
  [4;35;1mUser Load (0.4ms)[0m   [0mSELECT * FROM "users" WHERE ("users"."id" = 1) LIMIT 1[0m
  [4;36;1mDawandaToken Load (0.3ms)[0m   [0;1mSELECT * FROM "consumer_tokens" WHERE ("consumer_tokens"."user_id" = 1) AND ( ("consumer_tokens"."type" = 'DawandaToken' ) ) LIMIT 1[0m
Rendering oauth_consumers/show
Completed in 15ms (View: 2, DB: 1) | 200 OK [http://localhost/oauth_consumers/dawanda]


Processing OauthConsumersController#index (for 127.0.0.1 at 2009-12-15 17:26:15) [GET]
  [4;35;1mUser Load (0.3ms)[0m   [0mSELECT * FROM "users" WHERE ("users"."id" = 1) LIMIT 1[0m
  [4;36;1mConsumerToken Load (0.4ms)[0m   [0;1mSELECT * FROM "consumer_tokens" WHERE ("consumer_tokens"."user_id" = 1) [0m
Rendering oauth_consumers/index
Completed in 15ms (View: 1, DB: 1) | 200 OK [http://localhost/oauth_consumers/]


Processing OauthConsumersController#index (for 127.0.0.1 at 2009-12-15 17:26:19) [GET]
  [4;35;1mUser Load (0.3ms)[0m   [0mSELECT * FROM "users" WHERE ("users"."id" = 1) LIMIT 1[0m
  [4;36;1mConsumerToken Load (0.4ms)[0m   [0;1mSELECT * FROM "consumer_tokens" WHERE ("consumer_tokens"."user_id" = 1) [0m
Rendering oauth_consumers/index
Completed in 15ms (View: 1, DB: 1) | 200 OK [http://localhost/oauth_consumers/]


Processing OauthConsumersController#show (for 127.0.0.1 at 2009-12-15 17:26:25) [GET]
  Parameters: {"id"=>"dawanda"}
  [4;35;1mUser Load (0.3ms)[0m   [0mSELECT * FROM "users" WHERE ("users"."id" = 1) LIMIT 1[0m
  [4;36;1mDawandaToken Load (0.2ms)[0m   [0;1mSELECT * FROM "consumer_tokens" WHERE ("consumer_tokens"."user_id" = 1) AND ( ("consumer_tokens"."type" = 'DawandaToken' ) ) LIMIT 1[0m
Rendering oauth_consumers/show
Completed in 12ms (View: 1, DB: 1) | 200 OK [http://localhost/oauth_consumers/dawanda]


Processing OauthConsumersController#destroy (for 127.0.0.1 at 2009-12-15 17:26:29) [DELETE]
  Parameters: {"commit"=>"Reconnect", "authenticity_token"=>"T33bpftjcXisWgrYTnx6nR9/3nWFbY4mbSBK0A34Yfo=", "id"=>"dawanda"}
  [4;35;1mUser Load (0.3ms)[0m   [0mSELECT * FROM "users" WHERE ("users"."id" = 1) LIMIT 1[0m
  [4;36;1mDawandaToken Load (0.3ms)[0m   [0;1mSELECT * FROM "consumer_tokens" WHERE ("consumer_tokens"."user_id" = 1) AND ( ("consumer_tokens"."type" = 'DawandaToken' ) ) LIMIT 1[0m
  [4;35;1mDawandaToken Destroy (0.3ms)[0m   [0mDELETE FROM "consumer_tokens" WHERE "id" = 2[0m
Redirected to http://localhost:3000/oauth_consumers/dawanda
Completed in 25ms (DB: 1) | 302 Found [http://localhost/oauth_consumers/dawanda]


Processing OauthConsumersController#show (for 127.0.0.1 at 2009-12-15 17:26:29) [GET]
  Parameters: {"id"=>"dawanda"}
  [4;36;1mUser Load (0.3ms)[0m   [0;1mSELECT * FROM "users" WHERE ("users"."id" = 1) LIMIT 1[0m
  [4;35;1mDawandaToken Load (0.1ms)[0m   [0mSELECT * FROM "consumer_tokens" WHERE ("consumer_tokens"."user_id" = 1) AND ( ("consumer_tokens"."type" = 'DawandaToken' ) ) LIMIT 1[0m
Redirected to http://de.devanda.com/oauth/authorize?oauth_token=HG9cObaergJC0SgsXvgZ
Completed in 862ms (DB: 0) | 302 Found [http://localhost/oauth_consumers/dawanda]


Processing OauthConsumersController#callback (for 127.0.0.1 at 2009-12-15 17:26:36) [GET]
  Parameters: {"id"=>"dawanda", "oauth_token"=>"HG9cObaergJC0SgsXvgZ", "oauth_verifier"=>"in5UojkGnDNFZiOAOQQw"}
  [4;36;1mUser Load (0.2ms)[0m   [0;1mSELECT * FROM "users" WHERE ("users"."id" = 1) LIMIT 1[0m
  [4;35;1mDawandaToken Load (0.2ms)[0m   [0mSELECT * FROM "consumer_tokens" WHERE ("consumer_tokens"."user_id" = 1) AND ( ("consumer_tokens"."type" = 'DawandaToken' ) ) LIMIT 1[0m
  [4;36;1mDawandaToken Create (0.4ms)[0m   [0;1mINSERT INTO "consumer_tokens" ("created_at", "token", "updated_at", "user_id", "type", "secret") VALUES('2009-12-15 16:26:37', 'dNbiSp6qTbkbgDaXnM9l', '2009-12-15 16:26:37', 1, 'DawandaToken', 'giaez6tRKKGmBIqZTVG8XAlr7FtcS50vfL1NtXwx')[0m
Redirected to http://localhost:3000/
Completed in 858ms (DB: 1) | 302 Found [http://localhost/oauth_consumers/dawanda/callback?oauth_token=HG9cObaergJC0SgsXvgZ&oauth_verifier=in5UojkGnDNFZiOAOQQw]


Processing HomeController#index (for 127.0.0.1 at 2009-12-15 17:26:37) [GET]
Rendering home/index
  [4;35;1mUser Load (0.3ms)[0m   [0mSELECT * FROM "users" WHERE ("users"."id" = 1) LIMIT 1[0m
Completed in 12ms (View: 10, DB: 0) | 200 OK [http://localhost/]


Processing HomeController#index (for 127.0.0.1 at 2009-12-16 10:10:35) [GET]
Rendering home/index

ActionView::TemplateError (undefined method `login' for nil:NilClass) on line #1 of app/views/home/index.html.haml:
1: = "Hello #{current_user.login}"

    app/views/home/index.html.haml:1:in `_run_haml_app47views47home47index46html46haml'
    haml (2.2.12) [v] lib/haml/helpers/action_view_mods.rb:13:in `render'
    haml (2.2.12) [v] rails/./lib/sass/plugin/rails.rb:19:in `process'

Rendered rescues/_trace (50.9ms)
Rendered rescues/_request_and_response (1.2ms)
Rendering rescues/layout (internal_server_error)


Processing HomeController#index (for 127.0.0.1 at 2009-12-16 10:11:26) [GET]
Rendering home/index
Completed in 15ms (View: 12, DB: 0) | 200 OK [http://localhost/]


Processing SessionsController#new (for 127.0.0.1 at 2009-12-16 10:11:30) [GET]
Rendering sessions/new
Completed in 80ms (View: 79, DB: 0) | 200 OK [http://localhost/login]


Processing SessionsController#create (for 127.0.0.1 at 2009-12-16 10:11:36) [POST]
  Parameters: {"commit"=>"Log in", "authenticity_token"=>"AGozeYh+e4ZWmyrIqGaAtg5CQnEuoHZYW5a4E1r1m1s=", "login"=>"schmerzbereiter", "password"=>"hackfresse"}
  [4;36;1mUser Load (0.9ms)[0m   [0;1mSELECT * FROM "users" WHERE ("users"."login" = 'schmerzbereiter') LIMIT 1[0m
Redirected to http://localhost:3000/
Completed in 19ms (DB: 1) | 302 Found [http://localhost/session]


Processing HomeController#index (for 127.0.0.1 at 2009-12-16 10:11:36) [GET]
Rendering home/index
  [4;35;1mUser Load (0.3ms)[0m   [0mSELECT * FROM "users" WHERE ("users"."id" = 1) LIMIT 1[0m
Completed in 12ms (View: 10, DB: 0) | 200 OK [http://localhost/]


Processing OauthConsumersController#index (for 127.0.0.1 at 2009-12-16 10:11:41) [GET]
  [4;36;1mUser Load (0.2ms)[0m   [0;1mSELECT * FROM "users" WHERE ("users"."id" = 1) LIMIT 1[0m
  [4;35;1mConsumerToken Load (0.3ms)[0m   [0mSELECT * FROM "consumer_tokens" WHERE ("consumer_tokens"."user_id" = 1) [0m
Rendering oauth_consumers/index
Completed in 22ms (View: 7, DB: 1) | 200 OK [http://localhost/oauth_consumers/]


Processing OauthConsumersController#show (for 127.0.0.1 at 2009-12-16 10:11:44) [GET]
  Parameters: {"id"=>"dawanda"}
  [4;36;1mUser Load (0.3ms)[0m   [0;1mSELECT * FROM "users" WHERE ("users"."id" = 1) LIMIT 1[0m
  [4;35;1mDawandaToken Load (0.2ms)[0m   [0mSELECT * FROM "consumer_tokens" WHERE ("consumer_tokens"."user_id" = 1) AND ( ("consumer_tokens"."type" = 'DawandaToken' ) ) LIMIT 1[0m
Rendering oauth_consumers/show
Completed in 18ms (View: 6, DB: 1) | 200 OK [http://localhost/oauth_consumers/dawanda]


Processing OauthConsumersController#destroy (for 127.0.0.1 at 2009-12-16 10:11:46) [DELETE]
  Parameters: {"commit"=>"Disconnect", "authenticity_token"=>"AGozeYh+e4ZWmyrIqGaAtg5CQnEuoHZYW5a4E1r1m1s=", "id"=>"dawanda"}
  [4;36;1mUser Load (0.3ms)[0m   [0;1mSELECT * FROM "users" WHERE ("users"."id" = 1) LIMIT 1[0m
  [4;35;1mDawandaToken Load (0.4ms)[0m   [0mSELECT * FROM "consumer_tokens" WHERE ("consumer_tokens"."user_id" = 1) AND ( ("consumer_tokens"."type" = 'DawandaToken' ) ) LIMIT 1[0m
  [4;36;1mDawandaToken Destroy (0.4ms)[0m   [0;1mDELETE FROM "consumer_tokens" WHERE "id" = 3[0m
Redirected to http://localhost:3000/
Completed in 18ms (DB: 1) | 302 Found [http://localhost/oauth_consumers/dawanda]


Processing HomeController#index (for 127.0.0.1 at 2009-12-16 10:11:46) [GET]
Rendering home/index
  [4;35;1mUser Load (0.3ms)[0m   [0mSELECT * FROM "users" WHERE ("users"."id" = 1) LIMIT 1[0m
Completed in 21ms (View: 18, DB: 0) | 200 OK [http://localhost/]


Processing HomeController#index (for 127.0.0.1 at 2009-12-16 10:13:49) [GET]
Rendering home/index
  [4;36;1mUser Load (0.3ms)[0m   [0;1mSELECT * FROM "users" WHERE ("users"."id" = 1) LIMIT 1[0m
Completed in 11ms (View: 10, DB: 0) | 200 OK [http://localhost/]


Processing OauthConsumersController#index (for 127.0.0.1 at 2009-12-16 10:13:53) [GET]
  [4;35;1mUser Load (0.2ms)[0m   [0mSELECT * FROM "users" WHERE ("users"."id" = 1) LIMIT 1[0m
  [4;36;1mConsumerToken Load (0.2ms)[0m   [0;1mSELECT * FROM "consumer_tokens" WHERE ("consumer_tokens"."user_id" = 1) [0m
Rendering oauth_consumers/index
Completed in 14ms (View: 1, DB: 0) | 200 OK [http://localhost/oauth_consumers/]


Processing OauthConsumersController#index (for 127.0.0.1 at 2009-12-16 10:14:03) [GET]
  [4;36;1mUser Load (0.4ms)[0m   [0;1mSELECT * FROM "users" WHERE ("users"."id" = 1) LIMIT 1[0m
  [4;35;1mConsumerToken Load (0.2ms)[0m   [0mSELECT * FROM "consumer_tokens" WHERE ("consumer_tokens"."user_id" = 1) [0m
Rendering oauth_consumers/index
Completed in 116ms (View: 8, DB: 1) | 200 OK [http://localhost/oauth_consumers/]


Processing OauthConsumersController#show (for 127.0.0.1 at 2009-12-16 10:14:21) [GET]
  Parameters: {"id"=>"dawanda"}
  [4;36;1mUser Load (0.3ms)[0m   [0;1mSELECT * FROM "users" WHERE ("users"."id" = 1) LIMIT 1[0m
  [4;35;1mDawandaToken Load (0.1ms)[0m   [0mSELECT * FROM "consumer_tokens" WHERE ("consumer_tokens"."user_id" = 1) AND ( ("consumer_tokens"."type" = 'DawandaToken' ) ) LIMIT 1[0m
Redirected to http://de.devanda.com/oauth/authorize?oauth_token=01uLumLUUonMwOxxVJ4Q
Completed in 737ms (DB: 0) | 302 Found [http://localhost/oauth_consumers/dawanda]


Processing OauthConsumersController#callback (for 127.0.0.1 at 2009-12-16 10:14:40) [GET]
  Parameters: {"id"=>"dawanda", "oauth_token"=>"01uLumLUUonMwOxxVJ4Q", "oauth_verifier"=>"dISUm8vbsnXEwF5umNDN"}
  [4;36;1mUser Load (0.2ms)[0m   [0;1mSELECT * FROM "users" WHERE ("users"."id" = 1) LIMIT 1[0m
  [4;35;1mDawandaToken Load (0.2ms)[0m   [0mSELECT * FROM "consumer_tokens" WHERE ("consumer_tokens"."user_id" = 1) AND ( ("consumer_tokens"."type" = 'DawandaToken' ) ) LIMIT 1[0m

Net::HTTPFatalError (500 "Internal Server Error"):
  /opt/ruby-enterprise-1.8.7-2009.10/lib/ruby/1.8/net/http.rb:2097:in `error!'
  oauth (0.3.6) [v] lib/oauth/consumer.rb:202:in `token_request'
  oauth (0.3.6) [v] lib/oauth/tokens/request_token.rb:18:in `get_access_token'
  vendor/gems/oauth-plugin-0.3.14/lib/oauth/models/consumers/token.rb:37:in `create_from_request_token'
  vendor/gems/oauth-plugin-0.3.14/lib/oauth/controllers/consumer_controller.rb:36:in `callback'
  haml (2.2.12) [v] rails/./lib/sass/plugin/rails.rb:19:in `process'

Rendered rescues/_trace (46.8ms)
Rendered rescues/_request_and_response (1.6ms)
Rendering rescues/layout (internal_server_error)


Processing OauthConsumersController#index (for 127.0.0.1 at 2009-12-16 10:15:20) [GET]
  [4;36;1mUser Load (0.3ms)[0m   [0;1mSELECT * FROM "users" WHERE ("users"."id" = 1) LIMIT 1[0m
  [4;35;1mConsumerToken Load (0.2ms)[0m   [0mSELECT * FROM "consumer_tokens" WHERE ("consumer_tokens"."user_id" = 1) [0m
Rendering oauth_consumers/index
Completed in 14ms (View: 1, DB: 0) | 200 OK [http://localhost/oauth_consumers]
  [4;36;1mUser Load (0.6ms)[0m   [0;1mSELECT * FROM "users" LIMIT 1[0m
  [4;35;1mUser Load (0.4ms)[0m   [0mSELECT * FROM "users" LIMIT 1[0m
  [4;36;1mDawandaToken Load (0.2ms)[0m   [0;1mSELECT * FROM "consumer_tokens" WHERE ("consumer_tokens".user_id = 1) AND ( ("consumer_tokens"."type" = 'DawandaToken' ) ) LIMIT 1[0m


Processing OauthConsumersController#index (for 127.0.0.1 at 2009-12-16 10:18:29) [GET]
  [4;36;1mUser Load (0.4ms)[0m   [0;1mSELECT * FROM "users" WHERE ("users"."id" = 1) LIMIT 1[0m
  [4;35;1mConsumerToken Load (0.2ms)[0m   [0mSELECT * FROM "consumer_tokens" WHERE ("consumer_tokens"."user_id" = 1) [0m
Rendering oauth_consumers/index
Completed in 117ms (View: 7, DB: 1) | 200 OK [http://localhost/oauth_consumers]


Processing OauthConsumersController#index (for 127.0.0.1 at 2009-12-16 10:18:31) [GET]
  [4;36;1mUser Load (0.2ms)[0m   [0;1mSELECT * FROM "users" WHERE ("users"."id" = 1) LIMIT 1[0m
  [4;35;1mConsumerToken Load (0.2ms)[0m   [0mSELECT * FROM "consumer_tokens" WHERE ("consumer_tokens"."user_id" = 1) [0m
Rendering oauth_consumers/index
Completed in 14ms (View: 1, DB: 0) | 200 OK [http://localhost/oauth_consumers]


Processing OauthConsumersController#show (for 127.0.0.1 at 2009-12-16 10:18:37) [GET]
  Parameters: {"id"=>"dawanda"}
  [4;36;1mUser Load (0.3ms)[0m   [0;1mSELECT * FROM "users" WHERE ("users"."id" = 1) LIMIT 1[0m
  [4;35;1mDawandaToken Load (0.2ms)[0m   [0mSELECT * FROM "consumer_tokens" WHERE ("consumer_tokens"."user_id" = 1) AND ( ("consumer_tokens"."type" = 'DawandaToken' ) ) LIMIT 1[0m
Redirected to http://de.devanda.com/oauth/authorize?oauth_token=tJNSEVxPeVVYc8W2fNbR
Completed in 794ms (DB: 0) | 302 Found [http://localhost/oauth_consumers/dawanda]


Processing OauthConsumersController#show (for 127.0.0.1 at 2009-12-16 10:18:46) [GET]
  Parameters: {"id"=>"dawanda"}
  [4;36;1mUser Load (0.2ms)[0m   [0;1mSELECT * FROM "users" WHERE ("users"."id" = 1) LIMIT 1[0m
  [4;35;1mDawandaToken Load (0.1ms)[0m   [0mSELECT * FROM "consumer_tokens" WHERE ("consumer_tokens"."user_id" = 1) AND ( ("consumer_tokens"."type" = 'DawandaToken' ) ) LIMIT 1[0m
Redirected to http://de.devanda.com/oauth/authorize?oauth_token=EiCYf7KH45LlRiIPmIFX
Completed in 731ms (DB: 0) | 302 Found [http://localhost/oauth_consumers/dawanda]


Processing OauthConsumersController#callback (for 127.0.0.1 at 2009-12-16 10:18:54) [GET]
  Parameters: {"id"=>"dawanda", "oauth_token"=>"EiCYf7KH45LlRiIPmIFX", "oauth_verifier"=>"Zb3DWFEeAC9cymtg4l30"}
  [4;36;1mUser Load (0.3ms)[0m   [0;1mSELECT * FROM "users" WHERE ("users"."id" = 1) LIMIT 1[0m
  [4;35;1mDawandaToken Load (0.1ms)[0m   [0mSELECT * FROM "consumer_tokens" WHERE ("consumer_tokens"."user_id" = 1) AND ( ("consumer_tokens"."type" = 'DawandaToken' ) ) LIMIT 1[0m
  [4;36;1mDawandaToken Create (0.5ms)[0m   [0;1mINSERT INTO "consumer_tokens" ("created_at", "token", "updated_at", "user_id", "type", "secret") VALUES('2009-12-16 09:18:55', 'qkHCw9Ban7EG52sDLufQ', '2009-12-16 09:18:55', 1, 'DawandaToken', '19M6BWz9HjK8bCSSkYT5MeikjvTSRT6BrGEpgDRg')[0m
Redirected to http://localhost:3000/
Completed in 740ms (DB: 1) | 302 Found [http://localhost/oauth_consumers/dawanda/callback?oauth_token=EiCYf7KH45LlRiIPmIFX&oauth_verifier=Zb3DWFEeAC9cymtg4l30]


Processing HomeController#index (for 127.0.0.1 at 2009-12-16 10:18:55) [GET]
Rendering home/index
  [4;35;1mUser Load (0.2ms)[0m   [0mSELECT * FROM "users" WHERE ("users"."id" = 1) LIMIT 1[0m
Completed in 18ms (View: 16, DB: 0) | 200 OK [http://localhost/]
  [4;36;1mUser Load (0.7ms)[0m   [0;1mSELECT * FROM "users" LIMIT 1[0m
  [4;35;1mDawandaToken Load (0.3ms)[0m   [0mSELECT * FROM "consumer_tokens" WHERE ("consumer_tokens".user_id = 1) AND ( ("consumer_tokens"."type" = 'DawandaToken' ) ) LIMIT 1[0m
  [4;36;1mUser Load (0.4ms)[0m   [0;1mSELECT * FROM "users" LIMIT 1[0m
  [4;35;1mUser Load (0.7ms)[0m   [0mSELECT * FROM "users" LIMIT 1[0m
  [4;36;1mDawandaToken Load (0.3ms)[0m   [0;1mSELECT * FROM "consumer_tokens" WHERE ("consumer_tokens".user_id = 1) AND ( ("consumer_tokens"."type" = 'DawandaToken' ) ) LIMIT 1[0m
  [4;35;1mUser Load (0.4ms)[0m   [0mSELECT * FROM "users" LIMIT 1[0m
  [4;36;1mDawandaToken Load (0.4ms)[0m   [0;1mSELECT * FROM "consumer_tokens" WHERE ("consumer_tokens".user_id = 1) AND ( ("consumer_tokens"."type" = 'DawandaToken' ) ) LIMIT 1[0m


Processing HomeController#index (for 127.0.0.1 at 2009-12-16 10:49:26) [GET]
Rendering home/index
  [4;36;1mUser Load (0.4ms)[0m   [0;1mSELECT * FROM "users" WHERE ("users"."id" = 1) LIMIT 1[0m
Completed in 124ms (View: 122, DB: 0) | 200 OK [http://localhost/]


Processing OauthConsumersController#index (for 127.0.0.1 at 2009-12-16 10:49:30) [GET]
  [4;35;1mUser Load (0.3ms)[0m   [0mSELECT * FROM "users" WHERE ("users"."id" = 1) LIMIT 1[0m
  [4;36;1mConsumerToken Load (0.3ms)[0m   [0;1mSELECT * FROM "consumer_tokens" WHERE ("consumer_tokens"."user_id" = 1) [0m
Rendering oauth_consumers/index
Completed in 22ms (View: 7, DB: 1) | 200 OK [http://localhost/oauth_consumers/]


Processing OauthConsumersController#show (for 127.0.0.1 at 2009-12-16 10:49:32) [GET]
  Parameters: {"id"=>"dawanda"}
  [4;35;1mUser Load (0.2ms)[0m   [0mSELECT * FROM "users" WHERE ("users"."id" = 1) LIMIT 1[0m
  [4;36;1mDawandaToken Load (0.3ms)[0m   [0;1mSELECT * FROM "consumer_tokens" WHERE ("consumer_tokens"."user_id" = 1) AND ( ("consumer_tokens"."type" = 'DawandaToken' ) ) LIMIT 1[0m
Rendering oauth_consumers/show
Completed in 16ms (View: 5, DB: 1) | 200 OK [http://localhost/oauth_consumers/dawanda]


Processing OauthConsumersController#destroy (for 127.0.0.1 at 2009-12-16 10:49:33) [DELETE]
  Parameters: {"commit"=>"Reconnect", "authenticity_token"=>"AGozeYh+e4ZWmyrIqGaAtg5CQnEuoHZYW5a4E1r1m1s=", "id"=>"dawanda"}
  [4;35;1mUser Load (0.3ms)[0m   [0mSELECT * FROM "users" WHERE ("users"."id" = 1) LIMIT 1[0m
  [4;36;1mDawandaToken Load (0.3ms)[0m   [0;1mSELECT * FROM "consumer_tokens" WHERE ("consumer_tokens"."user_id" = 1) AND ( ("consumer_tokens"."type" = 'DawandaToken' ) ) LIMIT 1[0m
  [4;35;1mDawandaToken Destroy (0.4ms)[0m   [0mDELETE FROM "consumer_tokens" WHERE "id" = 4[0m
Redirected to http://localhost:3000/oauth_consumers/dawanda
Completed in 66ms (DB: 1) | 302 Found [http://localhost/oauth_consumers/dawanda]


Processing OauthConsumersController#show (for 127.0.0.1 at 2009-12-16 10:49:33) [GET]
  Parameters: {"id"=>"dawanda"}
  [4;36;1mUser Load (0.2ms)[0m   [0;1mSELECT * FROM "users" WHERE ("users"."id" = 1) LIMIT 1[0m
  [4;35;1mDawandaToken Load (0.2ms)[0m   [0mSELECT * FROM "consumer_tokens" WHERE ("consumer_tokens"."user_id" = 1) AND ( ("consumer_tokens"."type" = 'DawandaToken' ) ) LIMIT 1[0m
Redirected to http://de.devanda.com/oauth/authorize?oauth_token=LZStbEa96qXgc7gYYL7F
Completed in 761ms (DB: 0) | 302 Found [http://localhost/oauth_consumers/dawanda]


Processing HomeController#index (for 127.0.0.1 at 2009-12-16 12:08:40) [GET]
Rendering home/index
Completed in 12ms (View: 10, DB: 0) | 200 OK [http://localhost/]


Processing HomeController#index (for 127.0.0.1 at 2009-12-16 14:13:48) [GET]
Rendering home/index
Completed in 3ms (View: 1, DB: 0) | 200 OK [http://localhost/]
